<?xml version="1.0" encoding="UTF-8"?>
<testng-results skipped="2" failed="1" ignored="0" total="4" passed="1">
  <reporter-output>
    <line>
      <![CDATA[========Run: TestCase.Test1()[pri:0, instance:ListenerDemo.TestCase@4b9e13df]=========]]>
    </line>
    <line>
      <![CDATA[用例描述: 成功的用例, 优先级: 0]]>
    </line>
    <line>
      <![CDATA[======Result: 执行成功——success======]]>
    </line>
    <line>
      <![CDATA[========Run: TestCase.Test2()[pri:0, instance:ListenerDemo.TestCase@4b9e13df]=========]]>
    </line>
    <line>
      <![CDATA[用例描述: 超时失败的用例, 优先级: 0]]>
    </line>
    <line>
      <![CDATA[======Result: 执行失败——Failed======]]>
    </line>
    <line>
      <![CDATA[========Run: TestCase.Test3()[pri:0, instance:ListenerDemo.TestCase@4b9e13df]=========]]>
    </line>
    <line>
      <![CDATA[用例描述: 跳过的用例1, 优先级: 0]]>
    </line>
    <line>
      <![CDATA[======Result: 执行跳过——Skipped======]]>
    </line>
    <line>
      <![CDATA[========Run: TestCase.Test4()[pri:2, instance:ListenerDemo.TestCase@4b9e13df]=========]]>
    </line>
    <line>
      <![CDATA[用例描述: 跳过的用例2, 优先级: 2]]>
    </line>
    <line>
      <![CDATA[======Result: 执行跳过——Skipped======]]>
    </line>
  </reporter-output>
  <suite name="TestSuite" duration-ms="2147" started-at="2020-01-03T19:26:14 CST" finished-at="2020-01-03T19:26:16 CST">
    <groups>
    </groups>
    <test name="TestListner" duration-ms="2147" started-at="2020-01-03T19:26:14 CST" finished-at="2020-01-03T19:26:16 CST">
      <class name="ListenerDemo.TestCase">
        <test-method status="PASS" signature="Test1()[pri:0, instance:ListenerDemo.TestCase@4b9e13df]" name="Test1" duration-ms="19" started-at="2020-01-03T19:26:14 CST" description="成功的用例" finished-at="2020-01-03T19:26:14 CST">
          <reporter-output>
            <line>
              <![CDATA[========Run: TestCase.Test1()[pri:0, instance:ListenerDemo.TestCase@4b9e13df]=========]]>
            </line>
            <line>
              <![CDATA[用例描述: 成功的用例, 优先级: 0]]>
            </line>
            <line>
              <![CDATA[======Result: 执行成功——success======]]>
            </line>
          </reporter-output>
        </test-method> <!-- Test1 -->
        <test-method status="FAIL" signature="Test2()[pri:0, instance:ListenerDemo.TestCase@4b9e13df]" name="Test2" duration-ms="2012" started-at="2020-01-03T19:26:14 CST" description="超时失败的用例" finished-at="2020-01-03T19:26:16 CST">
          <exception class="org.testng.internal.thread.ThreadTimeoutException">
            <message>
              <![CDATA[Method ListenerDemo.TestCase.Test2() didn't finish within the time-out 2000]]>
            </message>
            <full-stacktrace>
              <![CDATA[org.testng.internal.thread.ThreadTimeoutException: Method ListenerDemo.TestCase.Test2() didn't finish within the time-out 2000
]]>
            </full-stacktrace>
          </exception> <!-- org.testng.internal.thread.ThreadTimeoutException -->
          <reporter-output>
            <line>
              <![CDATA[========Run: TestCase.Test2()[pri:0, instance:ListenerDemo.TestCase@4b9e13df]=========]]>
            </line>
            <line>
              <![CDATA[用例描述: 超时失败的用例, 优先级: 0]]>
            </line>
            <line>
              <![CDATA[======Result: 执行失败——Failed======]]>
            </line>
          </reporter-output>
        </test-method> <!-- Test2 -->
        <test-method status="SKIP" signature="Test3()[pri:0, instance:ListenerDemo.TestCase@4b9e13df]" name="Test3" duration-ms="0" started-at="2020-01-03T19:26:16 CST" description="跳过的用例1" depends-on-methods="ListenerDemo.TestCase.Test2" finished-at="2020-01-03T19:26:16 CST">
          <exception class="java.lang.Throwable">
            <message>
              <![CDATA[Method TestCase.Test3()[pri:0, instance:ListenerDemo.TestCase@4b9e13df] depends on not successfully finished methods]]>
            </message>
            <full-stacktrace>
              <![CDATA[java.lang.Throwable: Method TestCase.Test3()[pri:0, instance:ListenerDemo.TestCase@4b9e13df] depends on not successfully finished methods
at org.testng.internal.TestInvoker.invokeTestMethods(TestInvoker.java:99)
at org.testng.internal.TestMethodWorker.invokeTestMethods(TestMethodWorker.java:146)
at org.testng.internal.TestMethodWorker.run(TestMethodWorker.java:128)
at java.util.ArrayList.forEach(ArrayList.java:1249)
at org.testng.TestRunner.privateRun(TestRunner.java:770)
at org.testng.TestRunner.run(TestRunner.java:591)
at org.testng.SuiteRunner.runTest(SuiteRunner.java:402)
at org.testng.SuiteRunner.runSequentially(SuiteRunner.java:396)
at org.testng.SuiteRunner.privateRun(SuiteRunner.java:355)
at org.testng.SuiteRunner.run(SuiteRunner.java:304)
at org.testng.SuiteRunnerWorker.runSuite(SuiteRunnerWorker.java:53)
at org.testng.SuiteRunnerWorker.run(SuiteRunnerWorker.java:96)
at org.testng.TestNG.runSuitesSequentially(TestNG.java:1180)
at org.testng.TestNG.runSuitesLocally(TestNG.java:1102)
at org.testng.TestNG.runSuites(TestNG.java:1032)
at org.testng.TestNG.run(TestNG.java:1000)
at com.intellij.rt.testng.IDEARemoteTestNG.run(IDEARemoteTestNG.java:66)
at com.intellij.rt.testng.RemoteTestNGStarter.main(RemoteTestNGStarter.java:110)
]]>
            </full-stacktrace>
          </exception> <!-- java.lang.Throwable -->
          <reporter-output>
            <line>
              <![CDATA[======Result: 执行跳过——Skipped======]]>
            </line>
          </reporter-output>
        </test-method> <!-- Test3 -->
        <test-method status="SKIP" signature="Test4()[pri:2, instance:ListenerDemo.TestCase@4b9e13df]" name="Test4" duration-ms="0" started-at="2020-01-03T19:26:16 CST" description="跳过的用例2" finished-at="2020-01-03T19:26:16 CST">
          <exception class="org.testng.SkipException">
            <message>
              <![CDATA[skip the case!]]>
            </message>
            <full-stacktrace>
              <![CDATA[org.testng.SkipException: skip the case!
at ListenerDemo.TestCase.Test4(TestCase.java:38)
at sun.reflect.NativeMethodAccessorImpl.invoke0(Native Method)
at sun.reflect.NativeMethodAccessorImpl.invoke(NativeMethodAccessorImpl.java:62)
at sun.reflect.DelegatingMethodAccessorImpl.invoke(DelegatingMethodAccessorImpl.java:43)
at java.lang.reflect.Method.invoke(Method.java:498)
at org.testng.internal.MethodInvocationHelper.invokeMethod(MethodInvocationHelper.java:133)
at org.testng.internal.TestInvoker.invokeMethod(TestInvoker.java:584)
at org.testng.internal.TestInvoker.invokeTestMethod(TestInvoker.java:172)
at org.testng.internal.MethodRunner.runInSequence(MethodRunner.java:46)
at org.testng.internal.TestInvoker$MethodInvocationAgent.invoke(TestInvoker.java:804)
at org.testng.internal.TestInvoker.invokeTestMethods(TestInvoker.java:145)
at org.testng.internal.TestMethodWorker.invokeTestMethods(TestMethodWorker.java:146)
at org.testng.internal.TestMethodWorker.run(TestMethodWorker.java:128)
at java.util.ArrayList.forEach(ArrayList.java:1249)
at org.testng.TestRunner.privateRun(TestRunner.java:770)
at org.testng.TestRunner.run(TestRunner.java:591)
at org.testng.SuiteRunner.runTest(SuiteRunner.java:402)
at org.testng.SuiteRunner.runSequentially(SuiteRunner.java:396)
at org.testng.SuiteRunner.privateRun(SuiteRunner.java:355)
at org.testng.SuiteRunner.run(SuiteRunner.java:304)
at org.testng.SuiteRunnerWorker.runSuite(SuiteRunnerWorker.java:53)
at org.testng.SuiteRunnerWorker.run(SuiteRunnerWorker.java:96)
at org.testng.TestNG.runSuitesSequentially(TestNG.java:1180)
at org.testng.TestNG.runSuitesLocally(TestNG.java:1102)
at org.testng.TestNG.runSuites(TestNG.java:1032)
at org.testng.TestNG.run(TestNG.java:1000)
at com.intellij.rt.testng.IDEARemoteTestNG.run(IDEARemoteTestNG.java:66)
at com.intellij.rt.testng.RemoteTestNGStarter.main(RemoteTestNGStarter.java:110)
]]>
            </full-stacktrace>
          </exception> <!-- org.testng.SkipException -->
          <reporter-output>
            <line>
              <![CDATA[========Run: TestCase.Test4()[pri:2, instance:ListenerDemo.TestCase@4b9e13df]=========]]>
            </line>
            <line>
              <![CDATA[用例描述: 跳过的用例2, 优先级: 2]]>
            </line>
            <line>
              <![CDATA[======Result: 执行跳过——Skipped======]]>
            </line>
          </reporter-output>
        </test-method> <!-- Test4 -->
      </class> <!-- ListenerDemo.TestCase -->
    </test> <!-- TestListner -->
  </suite> <!-- TestSuite -->
</testng-results>
