<?xml version="1.0" encoding="UTF-8"?>
<testng-results skipped="0" failed="0" ignored="0" total="2" passed="2">
  <reporter-output>
  </reporter-output>
  <suite name="测试java脚本跑suite" duration-ms="75" started-at="2020-01-04T21:28:22 CST" finished-at="2020-01-04T21:28:22 CST">
    <groups>
    </groups>
    <test name="20200104test" duration-ms="75" started-at="2020-01-04T21:28:22 CST" finished-at="2020-01-04T21:28:22 CST">
      <class name="SimpleDemo.class1">
        <test-method status="PASS" signature="case1()[pri:0, instance:SimpleDemo.class1@3c756e4d]" name="case1" duration-ms="13" started-at="2020-01-04T21:28:22 CST" finished-at="2020-01-04T21:28:22 CST">
          <reporter-output>
          </reporter-output>
        </test-method> <!-- case1 -->
        <test-method status="PASS" signature="case2()[pri:0, instance:SimpleDemo.class1@3c756e4d]" name="case2" duration-ms="1" started-at="2020-01-04T21:28:22 CST" finished-at="2020-01-04T21:28:22 CST">
          <reporter-output>
          </reporter-output>
        </test-method> <!-- case2 -->
      </class> <!-- SimpleDemo.class1 -->
    </test> <!-- 20200104test -->
  </suite> <!-- 测试java脚本跑suite -->
</testng-results>
